<project xmlns="http://maven.apache.org/POM/4.0.0" xmlns:xsi="http://www.w3.org/2001/XMLSchema-instance"
  xsi:schemaLocation="http://maven.apache.org/POM/4.0.0 http://maven.apache.org/maven-v4_0_0.xsd">
  <modelVersion>4.0.0</modelVersion>
  <groupId>com.netcetera</groupId>
  <artifactId>maven-syrup-plugin</artifactId>
  <packaging>maven-plugin</packaging>
  <version>1.0-SNAPSHOT</version>
  <name>maven-syrup-plugin Maven Mojo</name>
  <url>http://maven.apache.org</url>
  <dependencies>
    <dependency>
      <groupId>org.apache.maven.reporting</groupId>
      <artifactId>maven-reporting-impl</artifactId>
      <exclusions>
        <exclusion> <!-- will use org.codehaus.plexus:plexus-utils -->
          <groupId>plexus</groupId>
          <artifactId>plexus-utils</artifactId>
        </exclusion>
      </exclusions>
    </dependency>
    <dependency>
      <groupId>org.apache.maven.shared</groupId>
      <artifactId>maven-dependency-tree</artifactId>
    </dependency>
    <dependency>
      <groupId>jung</groupId>
      <artifactId>jung</artifactId>
    </dependency>
    <dependency>
      <groupId>org.apache.maven.shared</groupId>
      <artifactId>maven-plugin-testing-harness</artifactId>
      <version>1.1</version>
      <scope>test</scope>
    </dependency>
  </dependencies>
  <dependencyManagement>
    <dependencies>
      <dependency>
        <groupId>org.apache.maven</groupId>
        <artifactId>maven-artifact-manager</artifactId>
        <version>2.0.1</version>
      </dependency>
      <dependency>
        <groupId>org.apache.maven</groupId>
        <artifactId>maven-model</artifactId>
        <version>2.0.4</version>
      </dependency>
      <dependency>
        <groupId>org.apache.maven</groupId>
        <artifactId>maven-plugin-api</artifactId>
        <version>2.0.4</version>
      </dependency>
      <dependency>
        <groupId>org.apache.maven</groupId>
        <artifactId>maven-project</artifactId>
        <version>2.0</version>
      </dependency>
      <dependency>
        <groupId>org.apache.maven.reporting</groupId>
        <artifactId>maven-reporting-impl</artifactId>
        <version>2.0.4</version>
      </dependency>
      <dependency>
        <groupId>org.apache.maven.doxia</groupId>
        <artifactId>doxia-core</artifactId>
        <version>1.0-alpha-7</version>
      </dependency>
      <dependency>
        <groupId>org.apache.maven.doxia</groupId>
        <artifactId>doxia-site-renderer</artifactId>
        <version>1.0-alpha-7</version>
      </dependency>
      <dependency>
        <groupId>org.apache.maven.shared</groupId>
        <artifactId>maven-dependency-tree</artifactId>
        <version>1.2</version>
      </dependency>
      <dependency>
        <groupId>jung</groupId>
        <artifactId>jung</artifactId>
        <version>1.7.6</version>
      </dependency>
      <dependency>
        <groupId>junit</groupId>
        <artifactId>junit</artifactId>
        <version>4.5</version>
      </dependency>
    </dependencies>
  </dependencyManagement>
  
  <build>
    <plugins>
      <plugin>
        <artifactId>maven-syrup-plugin</artifactId>
        <configuration>
          <!-- Specify the MyMojo parameter -->
          <outputDirectory>target/test-harness/project-to-test</outputDirectory>
        </configuration>
      </plugin>
    </plugins>
  </build>

</project>
